
2018-12-08 03:59:13
[ERROR]-[Thread: http-bio-8081-exec-4]-[com.jfinal.core.ActionHandler.handle()]: /wPage/homePage
java.lang.NullPointerException
	at cn.edu.dlmu.wechat.service.PageAuthorizeService.getAccessToken(PageAuthorizeService.java:108)
	at cn.edu.dlmu.wechat.controller.WeixinWebpageController.homePage(WeixinWebpageController.java:71)
	at sun.reflect.NativeMethodAccessorImpl.invoke0(Native Method)
	at sun.reflect.NativeMethodAccessorImpl.invoke(NativeMethodAccessorImpl.java:62)
	at sun.reflect.DelegatingMethodAccessorImpl.invoke(DelegatingMethodAccessorImpl.java:43)
	at java.lang.reflect.Method.invoke(Method.java:498)
	at com.jfinal.aop.Invocation.invoke(Invocation.java:73)
	at com.jfinal.core.ActionHandler.handle(ActionHandler.java:74)
	at com.jfinal.ext.handler.ContextPathHandler.handle(ContextPathHandler.java:48)
	at com.jfinal.core.JFinalFilter.doFilter(JFinalFilter.java:74)
	at org.apache.catalina.core.ApplicationFilterChain.internalDoFilter(ApplicationFilterChain.java:243)
	at org.apache.catalina.core.ApplicationFilterChain.doFilter(ApplicationFilterChain.java:210)
	at org.apache.catalina.core.StandardWrapperValve.invoke(StandardWrapperValve.java:222)
	at org.apache.catalina.core.StandardContextValve.invoke(StandardContextValve.java:123)
	at org.apache.catalina.authenticator.AuthenticatorBase.invoke(AuthenticatorBase.java:502)
	at org.apache.catalina.core.StandardHostValve.invoke(StandardHostValve.java:171)
	at org.apache.catalina.valves.ErrorReportValve.invoke(ErrorReportValve.java:100)
	at org.apache.catalina.valves.AccessLogValve.invoke(AccessLogValve.java:953)
	at org.apache.catalina.core.StandardEngineValve.invoke(StandardEngineValve.java:118)
	at org.apache.catalina.connector.CoyoteAdapter.service(CoyoteAdapter.java:408)
	at org.apache.coyote.http11.AbstractHttp11Processor.process(AbstractHttp11Processor.java:1041)
	at org.apache.coyote.AbstractProtocol$AbstractConnectionHandler.process(AbstractProtocol.java:603)
	at org.apache.tomcat.util.net.JIoEndpoint$SocketProcessor.run(JIoEndpoint.java:310)
	at java.util.concurrent.ThreadPoolExecutor.runWorker(ThreadPoolExecutor.java:1149)
	at java.util.concurrent.ThreadPoolExecutor$Worker.run(ThreadPoolExecutor.java:624)
	at java.lang.Thread.run(Thread.java:748)

2018-12-08 15:46:44
[ERROR]-[Thread: http-bio-8081-exec-8]-[com.jfinal.kit.LogKit.error()]: retry on 1 times but not matching v = {"errcode":40163,"errmsg":"code been used, hints: [ req_id: 3mmCXa0204hb29 ]"}

2018-12-08 15:46:44
[ERROR]-[Thread: http-bio-8081-exec-8]-[com.jfinal.kit.LogKit.error()]: retry on 2 times but not matching v = {"errcode":40163,"errmsg":"code been used, hints: [ req_id: IBgD02042016 ]"}

2018-12-08 15:46:44
[ERROR]-[Thread: http-bio-8081-exec-8]-[com.jfinal.kit.LogKit.error()]: retry on 3 times but not matching v = {"errcode":40163,"errmsg":"code been used, hints: [ req_id: _3p5wA02044123 ]"}

2018-12-08 15:47:12
[ERROR]-[Thread: http-bio-8081-exec-7]-[com.jfinal.kit.LogKit.error()]: retry on 1 times but not matching v = {"errcode":40163,"errmsg":"code been used, hints: [ req_id: jw_gtA0232hb44 ]"}

2018-12-08 15:47:12
[ERROR]-[Thread: http-bio-8081-exec-7]-[com.jfinal.kit.LogKit.error()]: retry on 2 times but not matching v = {"errcode":40163,"errmsg":"code been used, hints: [ req_id: 1xHL0233ha61 ]"}

2018-12-08 15:47:12
[ERROR]-[Thread: http-bio-8081-exec-7]-[com.jfinal.kit.LogKit.error()]: retry on 3 times but not matching v = {"errcode":40163,"errmsg":"code been used, hints: [ req_id: dUq62a02334127 ]"}
